0 info it worked if it ends with ok
1 verbose cli [ 'C:\\Users\\nikkiwong\\Downloads\\node.exe',
1 verbose cli   'C:\\Users\\nikkiwong\\Downloads\\node_modules\\npm\\bin\\npm-cli.js',
1 verbose cli   'start' ]
2 info using npm@3.10.10
3 info using node@v6.11.1
4 verbose run-script [ 'prestart', 'start', 'poststart' ]
5 info lifecycle angular-2@1.0.0~prestart: angular-2@1.0.0
6 silly lifecycle angular-2@1.0.0~prestart: no script for prestart, continuing
7 info lifecycle angular-2@1.0.0~start: angular-2@1.0.0
8 verbose lifecycle angular-2@1.0.0~start: unsafe-perm in lifecycle true
9 verbose lifecycle angular-2@1.0.0~start: PATH: C:\Users\nikkiwong\Downloads\node_modules\npm\bin\node-gyp-bin;C:\Users\nikkiwong\Desktop\FirstNodejsProject\angular-2-template-master\node_modules\.bin;C:\Program Files\Microsoft MPI\Bin\;C:\Python36-32\Scripts\;C:\Python36-32\;C:\ProgramData\Oracle\Java\javapath;C:\Program Files\Common Files\Microsoft Shared\Windows Live;C:\Program Files (x86)\Common Files\Microsoft Shared\Windows Live;C:\WINDOWS\system32;C:\WINDOWS;C:\WINDOWS\System32\Wbem;C:\WINDOWS\System32\WindowsPowerShell\v1.0\;C:\Program Files (x86)\NTRU Cryptosystems\NTRU TCG Software Stack\bin\;C:\Program Files\NTRU Cryptosystems\NTRU TCG Software Stack\bin\;C:\Program Files\Dell\Dell Data Protection\Access\Advanced\Wave\Gemalto\Access Client\v5\;C:\Program Files (x86)\Common Files\Roxio Shared\DLLShared\;C:\Program Files (x86)\Common Files\Roxio Shared\OEM\DLLShared\;C:\Program Files (x86)\Common Files\Roxio Shared\OEM\12.0\DLLShared\;C:\Program Files (x86)\Roxio\OEM\AudioCore\;C:\Program Files (x86)\Windows Live\Shared;C:\Go\bin;C:\Users\nikkiwong\Downloads\;C:\Program Files (x86)\Microsoft SQL Server\130\Tools\Binn\;C:\Program Files\Microsoft SQL Server\130\Tools\Binn\;C:\Program Files (x86)\Microsoft SQL Server\130\DTS\Binn\;C:\Program Files\Microsoft SQL Server\130\DTS\Binn\;C:\Program Files\Microsoft SQL Server\Client SDK\ODBC\130\Tools\Binn\;C:\Program Files (x86)\Microsoft SQL Server\Client SDK\ODBC\130\Tools\Binn\;C:\Program Files (x86)\Microsoft SQL Server\140\Tools\Binn\;C:\Program Files (x86)\Microsoft SQL Server\140\DTS\Binn\;C:\Program Files (x86)\Microsoft SQL Server\140\Tools\Binn\ManagementStudio\;C:\Users\nikkiwong\AppData\Local\Microsoft\WindowsApps;C:\Users\nikkiwong\AppData\Roaming\npm;C:\Program Files\Heroku\bin
10 verbose lifecycle angular-2@1.0.0~start: CWD: C:\Users\nikkiwong\Desktop\FirstNodejsProject\angular-2-template-master
11 silly lifecycle angular-2@1.0.0~start: Args: [ '/d /s /c', 'concurrently "npm run tsc:w" "npm run lite" ' ]
12 verbose stack Error: kill ENOSYS
12 verbose stack     at exports._errnoException (util.js:1018:11)
12 verbose stack     at process.kill (internal/process.js:190:13)
12 verbose stack     at process.listener (C:\Users\nikkiwong\Downloads\node_modules\npm\node_modules\npmlog\node_modules\gauge\node_modules\signal-exit\index.js:86:15)
12 verbose stack     at emitNone (events.js:91:20)
12 verbose stack     at process.emit (events.js:185:7)
12 verbose stack     at processEmit (C:\Users\nikkiwong\Downloads\node_modules\npm\node_modules\npmlog\node_modules\gauge\node_modules\signal-exit\index.js:146:32)
12 verbose stack     at processEmit (C:\Users\nikkiwong\Downloads\node_modules\npm\node_modules\npm-registry-client\node_modules\npmlog\node_modules\gauge\node_modules\signal-exit\index.js:146:32)
12 verbose stack     at Signal.wrap.onsignal (internal/process.js:217:44)
13 verbose cwd C:\Users\nikkiwong\Desktop\FirstNodejsProject\angular-2-template-master
14 error Windows_NT 10.0.15063
15 error argv "C:\\Users\\nikkiwong\\Downloads\\node.exe" "C:\\Users\\nikkiwong\\Downloads\\node_modules\\npm\\bin\\npm-cli.js" "start"
16 error node v6.11.1
17 error npm  v3.10.10
18 error code ENOSYS
19 error errno ENOSYS
20 error syscall kill
21 error kill ENOSYS
22 error If you need help, you may report this error at:
22 error     <https://github.com/npm/npm/issues>
23 verbose exit [ 1, true ]
